<?xml version="1.0" encoding="UTF-8"?>
<!-- Generated by org.testng.reporters.JUnitReportReporter -->
<testsuite hostname="DESKTOP-8VF1PVM" failures="0" tests="5" name="com.parallelclass.ParallelClass2" time="0.022" errors="0" timestamp="2022-10-22T21:19:54 IST" skipped="0">
  <testcase classname="com.parallelclass.ParallelClass2" name="bb" time="0.002"/>
  <system-out/>
  <testcase classname="com.parallelclass.ParallelClass2" name="aa" time="0.013"/>
  <system-out/>
  <testcase classname="com.parallelclass.ParallelClass2" name="dd" time="0.003"/>
  <system-out/>
  <testcase classname="com.parallelclass.ParallelClass2" name="ee" time="0.002"/>
  <system-out/>
  <testcase classname="com.parallelclass.ParallelClass2" name="cc" time="0.002"/>
  <system-out/>
</testsuite> <!-- com.parallelclass.ParallelClass2 -->
