<?xml version="1.0" encoding="UTF-8"?>
<!-- Generated by org.testng.reporters.JUnitReportReporter -->
<testsuite hostname="DESKTOP-8VF1PVM" failures="0" tests="5" name="com.parallelclass.ParallelClass1" time="0.030" errors="0" timestamp="2022-10-22T21:19:54 IST" skipped="0">
  <testcase classname="com.parallelclass.ParallelClass1" name="d" time="0.008"/>
  <system-out/>
  <testcase classname="com.parallelclass.ParallelClass1" name="a" time="0.013"/>
  <system-out/>
  <testcase classname="com.parallelclass.ParallelClass1" name="b" time="0.002"/>
  <system-out/>
  <testcase classname="com.parallelclass.ParallelClass1" name="c" time="0.003"/>
  <system-out/>
  <testcase classname="com.parallelclass.ParallelClass1" name="e" time="0.004"/>
  <system-out/>
</testsuite> <!-- com.parallelclass.ParallelClass1 -->
