<?xml version="1.0" encoding="UTF-8"?>
<!-- Generated by org.testng.reporters.JUnitReportReporter -->
<testsuite hostname="DESKTOP-8VF1PVM" failures="0" tests="2" name="com.paralleltest.ParallelTest" time="6.043" errors="0" timestamp="2022-10-22T21:22:45 IST" skipped="0">
  <testcase classname="com.paralleltest.ParallelTest" name="url" time="2.271"/>
  <system-out/>
  <testcase classname="com.paralleltest.ParallelTest" name="url" time="3.772"/>
  <system-out/>
</testsuite> <!-- com.paralleltest.ParallelTest -->
