<?xml version="1.0" encoding="UTF-8"?>
<!-- Generated by org.testng.reporters.JUnitReportReporter -->
<testsuite hostname="DESKTOP-8VF1PVM" failures="0" tests="2" name="com.groupmethod.GroupMethod2" time="0.009" errors="0" timestamp="2022-10-22T21:32:03 IST" skipped="0">
  <testcase classname="com.groupmethod.GroupMethod2" name="test9" time="0.005"/>
  <system-out/>
  <testcase classname="com.groupmethod.GroupMethod2" name="test8" time="0.004"/>
  <system-out/>
</testsuite> <!-- com.groupmethod.GroupMethod2 -->
