<?xml version="1.0" encoding="UTF-8"?>
<!-- Generated by org.testng.reporters.JUnitReportReporter -->
<testsuite hostname="DESKTOP-8VF1PVM" failures="0" tests="2" name="com.groupmethod.GroupMethod1" time="0.013" errors="0" timestamp="2022-10-22T21:32:03 IST" skipped="0">
  <testcase classname="com.groupmethod.GroupMethod1" name="test4" time="0.003"/>
  <system-out/>
  <testcase classname="com.groupmethod.GroupMethod1" name="test3" time="0.010"/>
  <system-out/>
</testsuite> <!-- com.groupmethod.GroupMethod1 -->
