<?xml version="1.0" encoding="UTF-8"?>
<!-- Generated by org.testng.reporters.JUnitReportReporter -->
<testsuite hostname="DESKTOP-8VF1PVM" failures="0" tests="3" name="com.failedtestcase.DependsMethod" time="0.014" errors="0" timestamp="2022-10-28T13:14:14 IST" skipped="0">
  <testcase classname="com.failedtestcase.DependsMethod" name="test2" time="0.009"/>
  <system-out/>
  <testcase classname="com.failedtestcase.DependsMethod" name="test3" time="0.003"/>
  <system-out/>
  <testcase classname="com.failedtestcase.DependsMethod" name="test1" time="0.002"/>
  <system-out/>
</testsuite> <!-- com.failedtestcase.DependsMethod -->
