<?xml version="1.0" encoding="UTF-8"?>
<!-- Generated by org.testng.reporters.JUnitReportReporter -->
<testsuite hostname="DESKTOP-8VF1PVM" failures="0" tests="5" name="com.parallelmethod.ParallelMethod" time="0.064" errors="0" timestamp="2022-10-22T21:16:09 IST" skipped="0">
  <testcase classname="com.parallelmethod.ParallelMethod" name="d" time="0.013"/>
  <system-out/>
  <testcase classname="com.parallelmethod.ParallelMethod" name="b" time="0.013"/>
  <system-out/>
  <testcase classname="com.parallelmethod.ParallelMethod" name="c" time="0.012"/>
  <system-out/>
  <testcase classname="com.parallelmethod.ParallelMethod" name="a" time="0.013"/>
  <system-out/>
  <testcase classname="com.parallelmethod.ParallelMethod" name="e" time="0.013"/>
  <system-out/>
</testsuite> <!-- com.parallelmethod.ParallelMethod -->
